# JRE version: Java(TM) SE Runtime Environment (7.0_67-b01) (build 1.7.0_67-b01)
# Java VM: Java HotSpot(TM) 64-Bit Server VM (24.65-b04 mixed mode windows-amd64 compressed oops)
Heap
 PSYoungGen      total 143360K, used 123715K [0x00000007d6080000, 0x00000007dfe80000, 0x0000000800000000)
  eden space 129536K, 85% used [0x00000007d6080000,0x00000007dcd348d8,0x00000007ddf00000)
  from space 13824K, 89% used [0x00000007dee00000,0x00000007dfa1c368,0x00000007dfb80000)
  to   space 15360K, 0% used [0x00000007ddf00000,0x00000007ddf00000,0x00000007dee00000)
 ParOldGen       total 85504K, used 15849K [0x0000000782200000, 0x0000000787580000, 0x00000007d6080000)
  object space 85504K, 18% used [0x0000000782200000,0x000000078317a670,0x0000000787580000)
 PSPermGen       total 25600K, used 25137K [0x000000077d000000, 0x000000077e900000, 0x0000000782200000)
  object space 25600K, 98% used [0x000000077d000000,0x000000077e88c430,0x000000077e900000)
GC Heap History (10 events):
Event: 16.666 GC heap before
{Heap before GC invocations=2 (full 0):
 PSYoungGen      total 37888K, used 37818K [0x00000007d6080000, 0x00000007d8a80000, 0x0000000800000000)
  eden space 32768K, 100% used [0x00000007d6080000,0x00000007d8080000,0x00000007d8080000)
  from space 5120K, 98% used [0x00000007d8080000,0x00000007d856eb98,0x00000007d8580000)
  to   space 5120K, 0% used [0x00000007d8580000,0x00000007d8580000,0x00000007d8a80000)
 ParOldGen       total 85504K, used 8K [0x0000000782200000, 0x0000000787580000, 0x00000007d6080000)
  object space 85504K, 0% used [0x0000000782200000,0x0000000782202000,0x0000000787580000)
 PSPermGen       total 21504K, used 12200K [0x000000077d000000, 0x000000077e500000, 0x0000000782200000)
  object space 21504K, 56% used [0x000000077d000000,0x000000077dbea2f8,0x000000077e500000)
Event: 16.744 GC heap after
Heap after GC invocations=2 (full 0):
 PSYoungGen      total 37888K, used 5100K [0x00000007d6080000, 0x00000007d8a80000, 0x0000000800000000)
  eden space 32768K, 0% used [0x00000007d6080000,0x00000007d6080000,0x00000007d8080000)
  from space 5120K, 99% used [0x00000007d8580000,0x00000007d8a7b000,0x00000007d8a80000)
  to   space 5120K, 0% used [0x00000007d8080000,0x00000007d8080000,0x00000007d8580000)
 ParOldGen       total 85504K, used 1819K [0x0000000782200000, 0x0000000787580000, 0x00000007d6080000)
  object space 85504K, 2% used [0x0000000782200000,0x00000007823c6f68,0x0000000787580000)
 PSPermGen       total 21504K, used 12200K [0x000000077d000000, 0x000000077e500000, 0x0000000782200000)
  object space 21504K, 56% used [0x000000077d000000,0x000000077dbea2f8,0x000000077e500000)
}
Event: 20.771 GC heap before
{Heap before GC invocations=3 (full 0):
 PSYoungGen      total 37888K, used 37868K [0x00000007d6080000, 0x00000007d8a80000, 0x0000000800000000)
  eden space 32768K, 100% used [0x00000007d6080000,0x00000007d8080000,0x00000007d8080000)
  from space 5120K, 99% used [0x00000007d8580000,0x00000007d8a7b000,0x00000007d8a80000)
  to   space 5120K, 0% used [0x00000007d8080000,0x00000007d8080000,0x00000007d8580000)
 ParOldGen       total 85504K, used 1819K [0x0000000782200000, 0x0000000787580000, 0x00000007d6080000)
  object space 85504K, 2% used [0x0000000782200000,0x00000007823c6f68,0x0000000787580000)
 PSPermGen       total 21504K, used 13549K [0x000000077d000000, 0x000000077e500000, 0x0000000782200000)
  object space 21504K, 63% used [0x000000077d000000,0x000000077dd3b4f8,0x000000077e500000)
Event: 20.877 GC heap after
Heap after GC invocations=3 (full 0):
 PSYoungGen      total 37888K, used 5112K [0x00000007d6080000, 0x00000007daa80000, 0x0000000800000000)
  eden space 32768K, 0% used [0x00000007d6080000,0x00000007d6080000,0x00000007d8080000)
  from space 5120K, 99% used [0x00000007d8080000,0x00000007d857e010,0x00000007d8580000)
  to   space 5120K, 0% used [0x00000007da580000,0x00000007da580000,0x00000007daa80000)
 ParOldGen       total 85504K, used 3864K [0x0000000782200000, 0x0000000787580000, 0x00000007d6080000)
  object space 85504K, 4% used [0x0000000782200000,0x00000007825c6258,0x0000000787580000)
 PSPermGen       total 21504K, used 13549K [0x000000077d000000, 0x000000077e500000, 0x0000000782200000)
  object space 21504K, 63% used [0x000000077d000000,0x000000077dd3b4f8,0x000000077e500000)
}
Event: 23.952 GC heap before
{Heap before GC invocations=4 (full 0):
 PSYoungGen      total 37888K, used 37880K [0x00000007d6080000, 0x00000007daa80000, 0x0000000800000000)
  eden space 32768K, 100% used [0x00000007d6080000,0x00000007d8080000,0x00000007d8080000)
  from space 5120K, 99% used [0x00000007d8080000,0x00000007d857e010,0x00000007d8580000)
  to   space 5120K, 0% used [0x00000007da580000,0x00000007da580000,0x00000007daa80000)
 ParOldGen       total 85504K, used 3864K [0x0000000782200000, 0x0000000787580000, 0x00000007d6080000)
  object space 85504K, 4% used [0x0000000782200000,0x00000007825c6258,0x0000000787580000)
 PSPermGen       total 21504K, used 14528K [0x000000077d000000, 0x000000077e500000, 0x0000000782200000)
  object space 21504K, 67% used [0x000000077d000000,0x000000077de300d0,0x000000077e500000)
Event: 24.004 GC heap after
Heap after GC invocations=4 (full 0):
 PSYoungGen      total 70656K, used 5112K [0x00000007d6080000, 0x00000007daa80000, 0x0000000800000000)
  eden space 65536K, 0% used [0x00000007d6080000,0x00000007d6080000,0x00000007da080000)
  from space 5120K, 99% used [0x00000007da580000,0x00000007daa7e010,0x00000007daa80000)
  to   space 5120K, 0% used [0x00000007da080000,0x00000007da080000,0x00000007da580000)
 ParOldGen       total 85504K, used 6425K [0x0000000782200000, 0x0000000787580000, 0x00000007d6080000)
  object space 85504K, 7% used [0x0000000782200000,0x0000000782846458,0x0000000787580000)
 PSPermGen       total 21504K, used 14528K [0x000000077d000000, 0x000000077e500000, 0x0000000782200000)
  object space 21504K, 67% used [0x000000077d000000,0x000000077de300d0,0x000000077e500000)
}
Event: 29.894 GC heap before
{Heap before GC invocations=5 (full 0):
 PSYoungGen      total 70656K, used 70648K [0x00000007d6080000, 0x00000007daa80000, 0x0000000800000000)
  eden space 65536K, 100% used [0x00000007d6080000,0x00000007da080000,0x00000007da080000)
  from space 5120K, 99% used [0x00000007da580000,0x00000007daa7e010,0x00000007daa80000)
  to   space 5120K, 0% used [0x00000007da080000,0x00000007da080000,0x00000007da580000)
 ParOldGen       total 85504K, used 6425K [0x0000000782200000, 0x0000000787580000, 0x00000007d6080000)
  object space 85504K, 7% used [0x0000000782200000,0x0000000782846458,0x0000000787580000)
 PSPermGen       total 21504K, used 18539K [0x000000077d000000, 0x000000077e500000, 0x0000000782200000)
  object space 21504K, 86% used [0x000000077d000000,0x000000077e21add8,0x000000077e500000)
Event: 29.987 GC heap after
Heap after GC invocations=5 (full 0):
 PSYoungGen      total 70656K, used 5112K [0x00000007d6080000, 0x00000007dfb80000, 0x0000000800000000)
  eden space 65536K, 0% used [0x00000007d6080000,0x00000007d6080000,0x00000007da080000)
  from space 5120K, 99% used [0x00000007da080000,0x00000007da57e010,0x00000007da580000)
  to   space 13824K, 0% used [0x00000007dee00000,0x00000007dee00000,0x00000007dfb80000)
 ParOldGen       total 85504K, used 15777K [0x0000000782200000, 0x0000000787580000, 0x00000007d6080000)
  object space 85504K, 18% used [0x0000000782200000,0x0000000783168660,0x0000000787580000)
 PSPermGen       total 21504K, used 18539K [0x000000077d000000, 0x000000077e500000, 0x0000000782200000)
  object space 21504K, 86% used [0x000000077d000000,0x000000077e21add8,0x000000077e500000)
}
Event: 42.520 GC heap before
{Heap before GC invocations=6 (full 0):
 PSYoungGen      total 70656K, used 70648K [0x00000007d6080000, 0x00000007dfb80000, 0x0000000800000000)
  eden space 65536K, 100% used [0x00000007d6080000,0x00000007da080000,0x00000007da080000)
  from space 5120K, 99% used [0x00000007da080000,0x00000007da57e010,0x00000007da580000)
  to   space 13824K, 0% used [0x00000007dee00000,0x00000007dee00000,0x00000007dfb80000)
 ParOldGen       total 85504K, used 15777K [0x0000000782200000, 0x0000000787580000, 0x00000007d6080000)
  object space 85504K, 18% used [0x0000000782200000,0x0000000783168660,0x0000000787580000)
 PSPermGen       total 24576K, used 24492K [0x000000077d000000, 0x000000077e800000, 0x0000000782200000)
  object space 24576K, 99% used [0x000000077d000000,0x000000077e7eb1c0,0x000000077e800000)
Event: 42.624 GC heap after
Heap after GC invocations=6 (full 0):
 PSYoungGen      total 143360K, used 12400K [0x00000007d6080000, 0x00000007dfe80000, 0x0000000800000000)
  eden space 129536K, 0% used [0x00000007d6080000,0x00000007d6080000,0x00000007ddf00000)
  from space 13824K, 89% used [0x00000007dee00000,0x00000007dfa1c368,0x00000007dfb80000)
  to   space 15360K, 0% used [0x00000007ddf00000,0x00000007ddf00000,0x00000007dee00000)
 ParOldGen       total 85504K, used 15849K [0x0000000782200000, 0x0000000787580000, 0x00000007d6080000)
  object space 85504K, 18% used [0x0000000782200000,0x000000078317a670,0x0000000787580000)
 PSPermGen       total 24576K, used 24492K [0x000000077d000000, 0x000000077e800000, 0x0000000782200000)
  object space 24576K, 99% used [0x000000077d000000,0x000000077e7eb1c0,0x000000077e800000)
}

